<?xml version="1.0" encoding="UTF-8"?>
<!-- Generated by org.testng.reporters.JUnitReportReporter -->
<testsuite skipped="0" hostname="DESKTOP-U1MGRTI" name="com.inetbanking.testCases.TC_LoginTest_001" tests="1" failures="0" timestamp="2023-01-24T08:57:42 IST" time="5.245" errors="0">
  <testcase name="loginTest" time="5.245" classname="com.inetbanking.testCases.TC_LoginTest_001"/>
  <system-out/>
</testsuite> <!-- com.inetbanking.testCases.TC_LoginTest_001 -->
